{"D:\\Julia\\clean-code-architeture\\dist\\src\\CPF.js": {"path":"D:\\Julia\\clean-code-architeture\\dist\\src\\CPF.js","statementMap":{"0":{"start":{"line":2,"column":0},"end":{"line":2,"column":62}},"1":{"start":{"line":5,"column":8},"end":{"line":5,"column":23}},"2":{"start":{"line":6,"column":8},"end":{"line":6,"column":25}},"3":{"start":{"line":9,"column":8},"end":{"line":9,"column":29}},"4":{"start":{"line":10,"column":8},"end":{"line":11,"column":25}},"5":{"start":{"line":11,"column":12},"end":{"line":11,"column":25}},"6":{"start":{"line":12,"column":8},"end":{"line":13,"column":25}},"7":{"start":{"line":13,"column":12},"end":{"line":13,"column":25}},"8":{"start":{"line":14,"column":29},"end":{"line":14,"column":54}},"9":{"start":{"line":15,"column":25},"end":{"line":15,"column":70}},"10":{"start":{"line":16,"column":24},"end":{"line":16,"column":88}},"11":{"start":{"line":17,"column":8},"end":{"line":17,"column":81}},"12":{"start":{"line":20,"column":8},"end":{"line":20,"column":54}},"13":{"start":{"line":23,"column":8},"end":{"line":23,"column":39}},"14":{"start":{"line":26,"column":8},"end":{"line":26,"column":78}},"15":{"start":{"line":26,"column":52},"end":{"line":26,"column":76}},"16":{"start":{"line":29,"column":26},"end":{"line":29,"column":27}},"17":{"start":{"line":30,"column":29},"end":{"line":30,"column":49}},"18":{"start":{"line":31,"column":8},"end":{"line":35,"column":9}},"19":{"start":{"line":31,"column":23},"end":{"line":31,"column":24}},"20":{"start":{"line":32,"column":25},"end":{"line":32,"column":68}},"21":{"start":{"line":33,"column":12},"end":{"line":33,"column":53}},"22":{"start":{"line":34,"column":12},"end":{"line":34,"column":29}},"23":{"start":{"line":37,"column":20},"end":{"line":37,"column":36}},"24":{"start":{"line":38,"column":8},"end":{"line":38,"column":59}},"25":{"start":{"line":41,"column":8},"end":{"line":41,"column":34}},"26":{"start":{"line":44,"column":0},"end":{"line":44,"column":22}}},"fnMap":{"0":{"name":"(anonymous_0)","decl":{"start":{"line":4,"column":4},"end":{"line":4,"column":5}},"loc":{"start":{"line":4,"column":22},"end":{"line":7,"column":5}},"line":4},"1":{"name":"(anonymous_1)","decl":{"start":{"line":8,"column":4},"end":{"line":8,"column":5}},"loc":{"start":{"line":8,"column":15},"end":{"line":18,"column":5}},"line":8},"2":{"name":"(anonymous_2)","decl":{"start":{"line":19,"column":4},"end":{"line":19,"column":5}},"loc":{"start":{"line":19,"column":20},"end":{"line":21,"column":5}},"line":19},"3":{"name":"(anonymous_3)","decl":{"start":{"line":22,"column":4},"end":{"line":22,"column":5}},"loc":{"start":{"line":22,"column":24},"end":{"line":24,"column":5}},"line":22},"4":{"name":"(anonymous_4)","decl":{"start":{"line":25,"column":4},"end":{"line":25,"column":5}},"loc":{"start":{"line":25,"column":22},"end":{"line":27,"column":5}},"line":25},"5":{"name":"(anonymous_5)","decl":{"start":{"line":26,"column":41},"end":{"line":26,"column":42}},"loc":{"start":{"line":26,"column":52},"end":{"line":26,"column":76}},"line":26},"6":{"name":"(anonymous_6)","decl":{"start":{"line":28,"column":4},"end":{"line":28,"column":5}},"loc":{"start":{"line":28,"column":40},"end":{"line":39,"column":5}},"line":28},"7":{"name":"(anonymous_7)","decl":{"start":{"line":40,"column":4},"end":{"line":40,"column":5}},"loc":{"start":{"line":40,"column":32},"end":{"line":42,"column":5}},"line":40}},"branchMap":{"0":{"loc":{"start":{"line":10,"column":8},"end":{"line":11,"column":25}},"type":"if","locations":[{"start":{"line":10,"column":8},"end":{"line":11,"column":25}},{"start":{},"end":{}}],"line":10},"1":{"loc":{"start":{"line":12,"column":8},"end":{"line":13,"column":25}},"type":"if","locations":[{"start":{"line":12,"column":8},"end":{"line":13,"column":25}},{"start":{},"end":{}}],"line":12},"2":{"loc":{"start":{"line":38,"column":15},"end":{"line":38,"column":58}},"type":"cond-expr","locations":[{"start":{"line":38,"column":29},"end":{"line":38,"column":32}},{"start":{"line":38,"column":35},"end":{"line":38,"column":58}}],"line":38}},"s":{"0":1,"1":11,"2":11,"3":11,"4":11,"5":1,"6":10,"7":3,"8":7,"9":7,"10":7,"11":7,"12":11,"13":11,"14":10,"15":47,"16":14,"17":14,"18":14,"19":14,"20":135,"21":135,"22":135,"23":14,"24":14,"25":7,"26":1},"f":{"0":11,"1":11,"2":11,"3":11,"4":10,"5":47,"6":14,"7":7},"b":{"0":[1,10],"1":[3,7],"2":[6,8]},"_coverageSchema":"1a1c01bbd47fc00a2c39e90264f33305004495a9","hash":"4f41290be2deee2a65b34d0856c74aa1b1ed1ebe"}
}
