TN:
SF:dist\src\CPF.js
FN:4,(anonymous_0)
FN:8,(anonymous_1)
FN:19,(anonymous_2)
FN:22,(anonymous_3)
FN:25,(anonymous_4)
FN:26,(anonymous_5)
FN:28,(anonymous_6)
FN:40,(anonymous_7)
FNF:8
FNH:8
FNDA:11,(anonymous_0)
FNDA:11,(anonymous_1)
FNDA:11,(anonymous_2)
FNDA:11,(anonymous_3)
FNDA:10,(anonymous_4)
FNDA:47,(anonymous_5)
FNDA:14,(anonymous_6)
FNDA:7,(anonymous_7)
DA:2,1
DA:5,11
DA:6,11
DA:9,11
DA:10,11
DA:11,1
DA:12,10
DA:13,3
DA:14,7
DA:15,7
DA:16,7
DA:17,7
DA:20,11
DA:23,11
DA:26,47
DA:29,14
DA:30,14
DA:31,14
DA:32,135
DA:33,135
DA:34,135
DA:37,14
DA:38,14
DA:41,7
DA:44,1
LF:25
LH:25
BRDA:10,0,0,1
BRDA:10,0,1,10
BRDA:12,1,0,3
BRDA:12,1,1,7
BRDA:38,2,0,6
BRDA:38,2,1,8
BRF:6
BRH:6
end_of_record
